<?xml version="1.0" encoding="UTF-8"?>
<coverage generated="1780238824146" clover="3.2.0">
  <project timestamp="1780238824146" name="All files">
    <metrics statements="261" coveredstatements="258" conditionals="95" coveredconditionals="89" methods="23" coveredmethods="23" elements="379" coveredelements="370" complexity="0" loc="261" ncloc="261" packages="5" files="5" classes="5"/>
    <package name="auth">
      <metrics statements="36" coveredstatements="36" conditionals="13" coveredconditionals="12" methods="2" coveredmethods="2"/>
      <file name="auth.service.ts" path="/Users/ahmadm/Documents/Works/SERA/ecomerce-architect/backend/src/api/v1/auth/auth.service.ts">
        <metrics statements="36" coveredstatements="36" conditionals="13" coveredconditionals="12" methods="2" coveredmethods="2"/>
        <line num="1" count="1" type="stmt"/>
        <line num="2" count="1" type="stmt"/>
        <line num="3" count="1" type="stmt"/>
        <line num="4" count="1" type="stmt"/>
        <line num="5" count="1" type="stmt"/>
        <line num="7" count="1" type="stmt"/>
        <line num="12" count="5" type="stmt"/>
        <line num="13" count="5" type="cond" truecount="4" falsecount="0"/>
        <line num="14" count="1" type="stmt"/>
        <line num="17" count="4" type="stmt"/>
        <line num="18" count="4" type="stmt"/>
        <line num="20" count="4" type="stmt"/>
        <line num="24" count="4" type="cond" truecount="1" falsecount="0"/>
        <line num="25" count="1" type="stmt"/>
        <line num="29" count="3" type="stmt"/>
        <line num="34" count="3" type="cond" truecount="1" falsecount="0"/>
        <line num="35" count="1" type="stmt"/>
        <line num="41" count="2" type="stmt"/>
        <line num="50" count="2" type="stmt"/>
        <line num="55" count="3" type="stmt"/>
        <line num="56" count="3" type="stmt"/>
        <line num="60" count="1" type="stmt"/>
        <line num="69" count="5" type="stmt"/>
        <line num="70" count="5" type="cond" truecount="3" falsecount="0"/>
        <line num="71" count="1" type="stmt"/>
        <line num="77" count="4" type="stmt"/>
        <line num="79" count="4" type="stmt"/>
        <line num="84" count="4" type="cond" truecount="1" falsecount="0"/>
        <line num="85" count="1" type="stmt"/>
        <line num="88" count="3" type="cond" truecount="1" falsecount="0"/>
        <line num="89" count="1" type="stmt"/>
        <line num="92" count="2" type="stmt"/>
        <line num="97" count="2" type="stmt"/>
        <line num="99" count="2" type="stmt"/>
        <line num="106" count="3" type="stmt"/>
        <line num="107" count="3" type="stmt"/>
      </file>
    </package>
    <package name="orders">
      <metrics statements="74" coveredstatements="72" conditionals="22" coveredconditionals="20" methods="6" coveredmethods="6"/>
      <file name="orders.service.ts" path="/Users/ahmadm/Documents/Works/SERA/ecomerce-architect/backend/src/api/v1/orders/orders.service.ts">
        <metrics statements="74" coveredstatements="72" conditionals="22" coveredconditionals="20" methods="6" coveredmethods="6"/>
        <line num="1" count="1" type="stmt"/>
        <line num="2" count="1" type="stmt"/>
        <line num="19" count="1" type="stmt"/>
        <line num="23" count="11" type="stmt"/>
        <line num="25" count="11" type="stmt"/>
        <line num="32" count="11" type="cond" truecount="1" falsecount="0"/>
        <line num="33" count="1" type="stmt"/>
        <line num="37" count="10" type="cond" truecount="1" falsecount="0"/>
        <line num="38" count="2" type="stmt"/>
        <line num="44" count="8" type="stmt"/>
        <line num="49" count="8" type="stmt"/>
        <line num="51" count="8" type="stmt"/>
        <line num="52" count="8" type="stmt"/>
        <line num="60" count="8" type="cond" truecount="1" falsecount="0"/>
        <line num="61" count="5" type="stmt"/>
        <line num="66" count="3" type="cond" truecount="1" falsecount="0"/>
        <line num="67" count="2" type="stmt"/>
        <line num="72" count="1" type="stmt"/>
        <line num="73" count="1" type="stmt"/>
        <line num="75" count="1" type="stmt"/>
        <line num="83" count="1" type="stmt"/>
        <line num="85" count="1" type="stmt"/>
        <line num="104" count="1" type="stmt"/>
        <line num="105" count="1" type="stmt"/>
        <line num="115" count="1" type="stmt"/>
        <line num="118" count="1" type="stmt"/>
        <line num="120" count="10" type="stmt"/>
        <line num="121" count="10" type="stmt"/>
        <line num="125" count="1" type="stmt"/>
        <line num="130" count="3" type="stmt"/>
        <line num="131" count="3" type="stmt"/>
        <line num="136" count="3" type="cond" truecount="3" falsecount="0"/>
        <line num="137" count="2" type="stmt"/>
        <line num="140" count="3" type="stmt"/>
        <line num="158" count="3" type="cond" truecount="1" falsecount="0"/>
        <line num="159" count="1" type="stmt"/>
        <line num="162" count="2" type="stmt"/>
        <line num="164" count="1" type="stmt"/>
        <line num="165" count="1" type="stmt"/>
        <line num="169" count="1" type="stmt"/>
        <line num="182" count="3" type="stmt"/>
        <line num="183" count="3" type="cond" truecount="1" falsecount="1"/>
        <line num="184" count="3" type="cond" truecount="1" falsecount="1"/>
        <line num="185" count="3" type="stmt"/>
        <line num="187" count="3" type="stmt"/>
        <line num="190" count="3" type="cond" truecount="3" falsecount="0"/>
        <line num="191" count="2" type="stmt"/>
        <line num="195" count="3" type="cond" truecount="1" falsecount="0"/>
        <line num="196" count="1" type="stmt"/>
        <line num="200" count="3" type="stmt"/>
        <line num="205" count="3" type="stmt"/>
        <line num="226" count="3" type="stmt"/>
        <line num="228" count="3" type="stmt"/>
        <line num="238" count="0" type="stmt"/>
        <line num="239" count="0" type="stmt"/>
        <line num="243" count="1" type="stmt"/>
        <line num="248" count="6" type="stmt"/>
        <line num="250" count="6" type="cond" truecount="3" falsecount="0"/>
        <line num="251" count="1" type="stmt"/>
        <line num="254" count="5" type="stmt"/>
        <line num="261" count="5" type="cond" truecount="1" falsecount="0"/>
        <line num="262" count="1" type="stmt"/>
        <line num="265" count="4" type="cond" truecount="1" falsecount="0"/>
        <line num="266" count="1" type="stmt"/>
        <line num="269" count="3" type="cond" truecount="1" falsecount="0"/>
        <line num="270" count="1" type="stmt"/>
        <line num="274" count="2" type="stmt"/>
        <line num="276" count="2" type="stmt"/>
        <line num="292" count="2" type="stmt"/>
        <line num="293" count="2" type="stmt"/>
        <line num="303" count="2" type="stmt"/>
        <line num="306" count="2" type="stmt"/>
        <line num="308" count="4" type="stmt"/>
        <line num="309" count="4" type="stmt"/>
      </file>
    </package>
    <package name="products">
      <metrics statements="67" coveredstatements="67" conditionals="18" coveredconditionals="18" methods="6" coveredmethods="6"/>
      <file name="products.service.ts" path="/Users/ahmadm/Documents/Works/SERA/ecomerce-architect/backend/src/api/v1/products/products.service.ts">
        <metrics statements="67" coveredstatements="67" conditionals="18" coveredconditionals="18" methods="6" coveredmethods="6"/>
        <line num="1" count="1" type="stmt"/>
        <line num="2" count="1" type="stmt"/>
        <line num="31" count="1" type="stmt"/>
        <line num="34" count="4" type="stmt"/>
        <line num="35" count="4" type="stmt"/>
        <line num="47" count="3" type="stmt"/>
        <line num="49" count="1" type="stmt"/>
        <line num="50" count="1" type="stmt"/>
        <line num="54" count="1" type="stmt"/>
        <line num="58" count="11" type="stmt"/>
        <line num="60" count="11" type="stmt"/>
        <line num="68" count="11" type="cond" truecount="1" falsecount="0"/>
        <line num="69" count="3" type="stmt"/>
        <line num="72" count="8" type="stmt"/>
        <line num="73" count="8" type="cond" truecount="1" falsecount="0"/>
        <line num="74" count="8" type="cond" truecount="1" falsecount="0"/>
        <line num="75" count="1" type="stmt"/>
        <line num="76" count="8" type="cond" truecount="1" falsecount="0"/>
        <line num="77" count="2" type="stmt"/>
        <line num="78" count="8" type="cond" truecount="1" falsecount="0"/>
        <line num="79" count="8" type="cond" truecount="1" falsecount="0"/>
        <line num="80" count="8" type="cond" truecount="1" falsecount="0"/>
        <line num="81" count="1" type="stmt"/>
        <line num="82" count="8" type="cond" truecount="1" falsecount="0"/>
        <line num="83" count="1" type="stmt"/>
        <line num="85" count="8" type="stmt"/>
        <line num="90" count="8" type="stmt"/>
        <line num="92" count="3" type="stmt"/>
        <line num="93" count="3" type="stmt"/>
        <line num="97" count="1" type="stmt"/>
        <line num="98" count="3" type="stmt"/>
        <line num="100" count="3" type="stmt"/>
        <line num="108" count="3" type="cond" truecount="1" falsecount="0"/>
        <line num="109" count="2" type="stmt"/>
        <line num="113" count="1" type="stmt"/>
        <line num="121" count="1" type="stmt"/>
        <line num="123" count="2" type="stmt"/>
        <line num="124" count="2" type="stmt"/>
        <line num="128" count="1" type="stmt"/>
        <line num="129" count="4" type="stmt"/>
        <line num="130" count="4" type="stmt"/>
        <line num="138" count="4" type="cond" truecount="1" falsecount="0"/>
        <line num="139" count="2" type="stmt"/>
        <line num="142" count="2" type="stmt"/>
        <line num="144" count="2" type="stmt"/>
        <line num="145" count="2" type="stmt"/>
        <line num="149" count="1" type="stmt"/>
        <line num="160" count="8" type="stmt"/>
        <line num="161" count="8" type="cond" truecount="2" falsecount="0"/>
        <line num="162" count="8" type="cond" truecount="2" falsecount="0"/>
        <line num="163" count="8" type="stmt"/>
        <line num="166" count="8" type="stmt"/>
        <line num="171" count="8" type="cond" truecount="1" falsecount="0"/>
        <line num="172" count="4" type="stmt"/>
        <line num="178" count="8" type="cond" truecount="1" falsecount="0"/>
        <line num="179" count="2" type="stmt"/>
        <line num="186" count="8" type="stmt"/>
        <line num="191" count="7" type="stmt"/>
        <line num="198" count="7" type="stmt"/>
        <line num="200" count="7" type="stmt"/>
        <line num="210" count="1" type="stmt"/>
        <line num="211" count="1" type="stmt"/>
        <line num="215" count="1" type="stmt"/>
        <line num="227" count="2" type="stmt"/>
        <line num="228" count="2" type="stmt"/>
        <line num="233" count="1" type="stmt"/>
        <line num="234" count="1" type="stmt"/>
      </file>
    </package>
    <package name="tasks">
      <metrics statements="57" coveredstatements="56" conditionals="40" coveredconditionals="37" methods="5" coveredmethods="5"/>
      <file name="tasks.service.ts" path="/Users/ahmadm/Documents/Works/SERA/ecomerce-architect/backend/src/api/v1/tasks/tasks.service.ts">
        <metrics statements="57" coveredstatements="56" conditionals="40" coveredconditionals="37" methods="5" coveredmethods="5"/>
        <line num="1" count="1" type="stmt"/>
        <line num="3" count="1" type="stmt"/>
        <line num="10" count="4" type="stmt"/>
        <line num="11" count="4" type="stmt"/>
        <line num="16" count="4" type="cond" truecount="3" falsecount="0"/>
        <line num="17" count="1" type="stmt"/>
        <line num="20" count="3" type="stmt"/>
        <line num="24" count="3" type="stmt"/>
        <line num="26" count="3" type="cond" truecount="1" falsecount="0"/>
        <line num="27" count="1" type="stmt"/>
        <line num="30" count="2" type="stmt"/>
        <line num="41" count="2" type="stmt"/>
        <line num="46" count="2" type="stmt"/>
        <line num="47" count="2" type="stmt"/>
        <line num="51" count="1" type="stmt"/>
        <line num="60" count="5" type="stmt"/>
        <line num="61" count="5" type="stmt"/>
        <line num="65" count="5" type="stmt"/>
        <line num="67" count="5" type="cond" truecount="0" falsecount="1"/>
        <line num="68" count="0" type="stmt"/>
        <line num="71" count="5" type="stmt"/>
        <line num="75" count="5" type="cond" truecount="1" falsecount="0"/>
        <line num="76" count="1" type="stmt"/>
        <line num="82" count="4" type="cond" truecount="3" falsecount="0"/>
        <line num="83" count="1" type="stmt"/>
        <line num="86" count="3" type="stmt"/>
        <line num="96" count="3" type="stmt"/>
        <line num="101" count="2" type="stmt"/>
        <line num="102" count="2" type="stmt"/>
        <line num="106" count="1" type="stmt"/>
        <line num="111" count="5" type="stmt"/>
        <line num="112" count="5" type="cond" truecount="3" falsecount="0"/>
        <line num="113" count="1" type="stmt"/>
        <line num="116" count="4" type="stmt"/>
        <line num="120" count="4" type="stmt"/>
        <line num="122" count="4" type="cond" truecount="1" falsecount="0"/>
        <line num="123" count="1" type="stmt"/>
        <line num="129" count="3" type="cond" truecount="3" falsecount="0"/>
        <line num="130" count="1" type="stmt"/>
        <line num="133" count="2" type="stmt"/>
        <line num="137" count="2" type="stmt"/>
        <line num="142" count="3" type="stmt"/>
        <line num="143" count="3" type="stmt"/>
        <line num="147" count="1" type="stmt"/>
        <line num="151" count="6" type="stmt"/>
        <line num="152" count="6" type="cond" truecount="3" falsecount="0"/>
        <line num="153" count="1" type="stmt"/>
        <line num="156" count="5" type="stmt"/>
        <line num="160" count="5" type="stmt"/>
        <line num="162" count="5" type="cond" truecount="1" falsecount="0"/>
        <line num="163" count="1" type="stmt"/>
        <line num="170" count="4" type="cond" truecount="4" falsecount="0"/>
        <line num="171" count="2" type="stmt"/>
        <line num="175" count="2" type="stmt"/>
        <line num="181" count="7" type="stmt"/>
        <line num="191" count="2" type="stmt"/>
        <line num="192" count="2" type="stmt"/>
      </file>
    </package>
    <package name="users">
      <metrics statements="27" coveredstatements="27" conditionals="2" coveredconditionals="2" methods="4" coveredmethods="4"/>
      <file name="users.service.ts" path="/Users/ahmadm/Documents/Works/SERA/ecomerce-architect/backend/src/api/v1/users/users.service.ts">
        <metrics statements="27" coveredstatements="27" conditionals="2" coveredconditionals="2" methods="4" coveredmethods="4"/>
        <line num="1" count="1" type="stmt"/>
        <line num="2" count="1" type="stmt"/>
        <line num="3" count="1" type="stmt"/>
        <line num="8" count="1" type="stmt"/>
        <line num="9" count="4" type="stmt"/>
        <line num="10" count="4" type="stmt"/>
        <line num="17" count="4" type="stmt"/>
        <line num="29" count="1" type="stmt"/>
        <line num="30" count="1" type="stmt"/>
        <line num="37" count="1" type="stmt"/>
        <line num="41" count="5" type="stmt"/>
        <line num="43" count="5" type="stmt"/>
        <line num="47" count="5" type="cond" truecount="1" falsecount="0"/>
        <line num="48" count="2" type="stmt"/>
        <line num="52" count="3" type="stmt"/>
        <line num="56" count="3" type="cond" truecount="1" falsecount="0"/>
        <line num="57" count="1" type="stmt"/>
        <line num="61" count="2" type="stmt"/>
        <line num="66" count="1" type="stmt"/>
        <line num="71" count="4" type="stmt"/>
        <line num="72" count="4" type="stmt"/>
        <line num="79" count="1" type="stmt"/>
        <line num="80" count="4" type="stmt"/>
        <line num="81" count="4" type="stmt"/>
        <line num="88" count="3" type="stmt"/>
        <line num="90" count="1" type="stmt"/>
        <line num="91" count="1" type="stmt"/>
      </file>
    </package>
  </project>
</coverage>
