{"/Users/ahmadm/Documents/Works/SERA/ecomerce-architect/backend/src/api/v1/auth/auth.service.ts": {"path":"/Users/ahmadm/Documents/Works/SERA/ecomerce-architect/backend/src/api/v1/auth/auth.service.ts","statementMap":{"0":{"start":{"line":1,"column":0},"end":{"line":1,"column":48}},"1":{"start":{"line":2,"column":0},"end":{"line":2,"column":46}},"2":{"start":{"line":3,"column":0},"end":{"line":3,"column":67}},"3":{"start":{"line":4,"column":0},"end":{"line":4,"column":54}},"4":{"start":{"line":5,"column":0},"end":{"line":5,"column":39}},"5":{"start":{"line":7,"column":29},"end":{"line":58,"column":1}},"6":{"start":{"line":12,"column":2},"end":{"line":57,"column":3}},"7":{"start":{"line":13,"column":4},"end":{"line":15,"column":5}},"8":{"start":{"line":14,"column":6},"end":{"line":14,"column":79}},"9":{"start":{"line":17,"column":31},"end":{"line":17,"column":69}},"10":{"start":{"line":18,"column":30},"end":{"line":18,"column":56}},"11":{"start":{"line":20,"column":25},"end":{"line":22,"column":6}},"12":{"start":{"line":24,"column":4},"end":{"line":26,"column":5}},"13":{"start":{"line":25,"column":6},"end":{"line":25,"column":73}},"14":{"start":{"line":29,"column":21},"end":{"line":31,"column":6}},"15":{"start":{"line":34,"column":4},"end":{"line":39,"column":5}},"16":{"start":{"line":35,"column":6},"end":{"line":38,"column":8}},"17":{"start":{"line":41,"column":20},"end":{"line":48,"column":6}},"18":{"start":{"line":50,"column":4},"end":{"line":53,"column":6}},"19":{"start":{"line":55,"column":4},"end":{"line":55,"column":48}},"20":{"start":{"line":56,"column":4},"end":{"line":56,"column":16}},"21":{"start":{"line":7,"column":13},"end":{"line":7,"column":29}},"22":{"start":{"line":60,"column":26},"end":{"line":109,"column":1}},"23":{"start":{"line":69,"column":2},"end":{"line":108,"column":3}},"24":{"start":{"line":70,"column":4},"end":{"line":75,"column":5}},"25":{"start":{"line":71,"column":6},"end":{"line":74,"column":8}},"26":{"start":{"line":77,"column":31},"end":{"line":77,"column":69}},"27":{"start":{"line":79,"column":17},"end":{"line":82,"column":6}},"28":{"start":{"line":84,"column":4},"end":{"line":86,"column":5}},"29":{"start":{"line":85,"column":6},"end":{"line":85,"column":68}},"30":{"start":{"line":88,"column":4},"end":{"line":90,"column":5}},"31":{"start":{"line":89,"column":6},"end":{"line":89,"column":74}},"32":{"start":{"line":92,"column":25},"end":{"line":95,"column":6}},"33":{"start":{"line":97,"column":24},"end":{"line":97,"column":57}},"34":{"start":{"line":99,"column":4},"end":{"line":104,"column":6}},"35":{"start":{"line":106,"column":4},"end":{"line":106,"column":41}},"36":{"start":{"line":107,"column":4},"end":{"line":107,"column":16}},"37":{"start":{"line":60,"column":13},"end":{"line":60,"column":26}}},"fnMap":{"0":{"name":"(anonymous_0)","decl":{"start":{"line":7,"column":29},"end":{"line":7,"column":34}},"loc":{"start":{"line":11,"column":53},"end":{"line":58,"column":1}}},"1":{"name":"(anonymous_1)","decl":{"start":{"line":60,"column":26},"end":{"line":60,"column":31}},"loc":{"start":{"line":68,"column":5},"end":{"line":109,"column":1}}}},"branchMap":{"0":{"loc":{"start":{"line":13,"column":4},"end":{"line":15,"column":5}},"type":"if","locations":[{"start":{"line":13,"column":4},"end":{"line":15,"column":5}}]},"1":{"loc":{"start":{"line":13,"column":8},"end":{"line":13,"column":66}},"type":"binary-expr","locations":[{"start":{"line":13,"column":8},"end":{"line":13,"column":26}},{"start":{"line":13,"column":30},"end":{"line":13,"column":48}},{"start":{"line":13,"column":52},"end":{"line":13,"column":66}}]},"2":{"loc":{"start":{"line":24,"column":4},"end":{"line":26,"column":5}},"type":"if","locations":[{"start":{"line":24,"column":4},"end":{"line":26,"column":5}}]},"3":{"loc":{"start":{"line":34,"column":4},"end":{"line":39,"column":5}},"type":"if","locations":[{"start":{"line":34,"column":4},"end":{"line":39,"column":5}}]},"4":{"loc":{"start":{"line":70,"column":4},"end":{"line":75,"column":5}},"type":"if","locations":[{"start":{"line":70,"column":4},"end":{"line":75,"column":5}}]},"5":{"loc":{"start":{"line":70,"column":8},"end":{"line":70,"column":48}},"type":"binary-expr","locations":[{"start":{"line":70,"column":8},"end":{"line":70,"column":26}},{"start":{"line":70,"column":30},"end":{"line":70,"column":48}}]},"6":{"loc":{"start":{"line":84,"column":4},"end":{"line":86,"column":5}},"type":"if","locations":[{"start":{"line":84,"column":4},"end":{"line":86,"column":5}}]},"7":{"loc":{"start":{"line":88,"column":4},"end":{"line":90,"column":5}},"type":"if","locations":[{"start":{"line":88,"column":4},"end":{"line":90,"column":5}}]},"8":{"loc":{"start":{"line":101,"column":12},"end":{"line":101,"column":27}},"type":"binary-expr","locations":[{"start":{"line":101,"column":12},"end":{"line":101,"column":21}},{"start":{"line":101,"column":25},"end":{"line":101,"column":27}}]}},"s":{"0":1,"1":1,"2":1,"3":1,"4":1,"5":1,"6":5,"7":5,"8":1,"9":4,"10":4,"11":4,"12":4,"13":1,"14":3,"15":3,"16":1,"17":2,"18":2,"19":3,"20":3,"21":1,"22":1,"23":5,"24":5,"25":1,"26":4,"27":4,"28":4,"29":1,"30":3,"31":1,"32":2,"33":2,"34":2,"35":3,"36":3,"37":1},"f":{"0":5,"1":5},"b":{"0":[1],"1":[5,5,4],"2":[1],"3":[1],"4":[1],"5":[5,4],"6":[1],"7":[1],"8":[2,0]}}
,"/Users/ahmadm/Documents/Works/SERA/ecomerce-architect/backend/src/api/v1/orders/orders.service.ts": {"path":"/Users/ahmadm/Documents/Works/SERA/ecomerce-architect/backend/src/api/v1/orders/orders.service.ts","statementMap":{"0":{"start":{"line":1,"column":0},"end":{"line":1,"column":48}},"1":{"start":{"line":2,"column":0},"end":{"line":2,"column":50}},"2":{"start":{"line":19,"column":28},"end":{"line":123,"column":1}},"3":{"start":{"line":23,"column":2},"end":{"line":122,"column":3}},"4":{"start":{"line":25,"column":17},"end":{"line":30,"column":6}},"5":{"start":{"line":32,"column":4},"end":{"line":34,"column":5}},"6":{"start":{"line":33,"column":6},"end":{"line":33,"column":58}},"7":{"start":{"line":37,"column":4},"end":{"line":41,"column":5}},"8":{"start":{"line":38,"column":6},"end":{"line":40,"column":8}},"9":{"start":{"line":44,"column":22},"end":{"line":44,"column":43}},"10":{"start":{"line":49,"column":10},"end":{"line":49,"column":12}},"11":{"start":{"line":51,"column":4},"end":{"line":80,"column":5}},"12":{"start":{"line":52,"column":22},"end":{"line":58,"column":8}},"13":{"start":{"line":60,"column":6},"end":{"line":64,"column":7}},"14":{"start":{"line":61,"column":8},"end":{"line":63,"column":10}},"15":{"start":{"line":66,"column":6},"end":{"line":70,"column":7}},"16":{"start":{"line":67,"column":8},"end":{"line":69,"column":10}},"17":{"start":{"line":72,"column":24},"end":{"line":72,"column":56}},"18":{"start":{"line":73,"column":6},"end":{"line":73,"column":47}},"19":{"start":{"line":75,"column":6},"end":{"line":79,"column":9}},"20":{"start":{"line":83,"column":18},"end":{"line":116,"column":6}},"21":{"start":{"line":85,"column":23},"end":{"line":101,"column":8}},"22":{"start":{"line":104,"column":6},"end":{"line":113,"column":7}},"23":{"start":{"line":105,"column":8},"end":{"line":112,"column":11}},"24":{"start":{"line":115,"column":6},"end":{"line":115,"column":22}},"25":{"start":{"line":118,"column":4},"end":{"line":118,"column":17}},"26":{"start":{"line":120,"column":4},"end":{"line":120,"column":50}},"27":{"start":{"line":121,"column":4},"end":{"line":121,"column":16}},"28":{"start":{"line":19,"column":13},"end":{"line":19,"column":28}},"29":{"start":{"line":125,"column":29},"end":{"line":167,"column":1}},"30":{"start":{"line":130,"column":2},"end":{"line":166,"column":3}},"31":{"start":{"line":131,"column":29},"end":{"line":133,"column":6}},"32":{"start":{"line":136,"column":4},"end":{"line":138,"column":5}},"33":{"start":{"line":137,"column":6},"end":{"line":137,"column":35}},"34":{"start":{"line":140,"column":18},"end":{"line":156,"column":6}},"35":{"start":{"line":158,"column":4},"end":{"line":160,"column":5}},"36":{"start":{"line":159,"column":6},"end":{"line":159,"column":60}},"37":{"start":{"line":162,"column":4},"end":{"line":162,"column":17}},"38":{"start":{"line":164,"column":4},"end":{"line":164,"column":51}},"39":{"start":{"line":165,"column":4},"end":{"line":165,"column":16}},"40":{"start":{"line":125,"column":13},"end":{"line":125,"column":29}},"41":{"start":{"line":169,"column":32},"end":{"line":241,"column":1}},"42":{"start":{"line":182,"column":2},"end":{"line":240,"column":3}},"43":{"start":{"line":183,"column":17},"end":{"line":183,"column":33}},"44":{"start":{"line":184,"column":18},"end":{"line":184,"column":36}},"45":{"start":{"line":185,"column":17},"end":{"line":185,"column":35}},"46":{"start":{"line":187,"column":29},"end":{"line":187,"column":31}},"47":{"start":{"line":190,"column":4},"end":{"line":192,"column":5}},"48":{"start":{"line":191,"column":6},"end":{"line":191,"column":35}},"49":{"start":{"line":195,"column":4},"end":{"line":197,"column":5}},"50":{"start":{"line":196,"column":6},"end":{"line":196,"column":41}},"51":{"start":{"line":200,"column":22},"end":{"line":202,"column":6}},"52":{"start":{"line":205,"column":19},"end":{"line":224,"column":6}},"53":{"start":{"line":226,"column":23},"end":{"line":226,"column":51}},"54":{"start":{"line":228,"column":4},"end":{"line":236,"column":6}},"55":{"start":{"line":238,"column":4},"end":{"line":238,"column":59}},"56":{"start":{"line":239,"column":4},"end":{"line":239,"column":16}},"57":{"start":{"line":169,"column":13},"end":{"line":169,"column":32}},"58":{"start":{"line":243,"column":28},"end":{"line":311,"column":1}},"59":{"start":{"line":248,"column":2},"end":{"line":310,"column":3}},"60":{"start":{"line":250,"column":4},"end":{"line":252,"column":5}},"61":{"start":{"line":251,"column":6},"end":{"line":251,"column":68}},"62":{"start":{"line":254,"column":18},"end":{"line":259,"column":6}},"63":{"start":{"line":261,"column":4},"end":{"line":263,"column":5}},"64":{"start":{"line":262,"column":6},"end":{"line":262,"column":60}},"65":{"start":{"line":265,"column":4},"end":{"line":267,"column":5}},"66":{"start":{"line":266,"column":6},"end":{"line":266,"column":52}},"67":{"start":{"line":269,"column":4},"end":{"line":271,"column":5}},"68":{"start":{"line":270,"column":6},"end":{"line":270,"column":57}},"69":{"start":{"line":274,"column":27},"end":{"line":304,"column":6}},"70":{"start":{"line":276,"column":27},"end":{"line":289,"column":8}},"71":{"start":{"line":292,"column":6},"end":{"line":301,"column":7}},"72":{"start":{"line":293,"column":8},"end":{"line":300,"column":11}},"73":{"start":{"line":303,"column":6},"end":{"line":303,"column":26}},"74":{"start":{"line":306,"column":4},"end":{"line":306,"column":26}},"75":{"start":{"line":308,"column":4},"end":{"line":308,"column":54}},"76":{"start":{"line":309,"column":4},"end":{"line":309,"column":16}},"77":{"start":{"line":243,"column":13},"end":{"line":243,"column":28}}},"fnMap":{"0":{"name":"(anonymous_0)","decl":{"start":{"line":19,"column":28},"end":{"line":19,"column":33}},"loc":{"start":{"line":22,"column":18},"end":{"line":123,"column":1}}},"1":{"name":"(anonymous_1)","decl":{"start":{"line":83,"column":44},"end":{"line":83,"column":49}},"loc":{"start":{"line":83,"column":57},"end":{"line":116,"column":5}}},"2":{"name":"(anonymous_2)","decl":{"start":{"line":125,"column":29},"end":{"line":125,"column":34}},"loc":{"start":{"line":129,"column":18},"end":{"line":167,"column":1}}},"3":{"name":"(anonymous_3)","decl":{"start":{"line":169,"column":32},"end":{"line":169,"column":37}},"loc":{"start":{"line":181,"column":5},"end":{"line":241,"column":1}}},"4":{"name":"(anonymous_4)","decl":{"start":{"line":243,"column":28},"end":{"line":243,"column":33}},"loc":{"start":{"line":247,"column":18},"end":{"line":311,"column":1}}},"5":{"name":"(anonymous_5)","decl":{"start":{"line":274,"column":53},"end":{"line":274,"column":58}},"loc":{"start":{"line":274,"column":66},"end":{"line":304,"column":5}}}},"branchMap":{"0":{"loc":{"start":{"line":32,"column":4},"end":{"line":34,"column":5}},"type":"if","locations":[{"start":{"line":32,"column":4},"end":{"line":34,"column":5}}]},"1":{"loc":{"start":{"line":37,"column":4},"end":{"line":41,"column":5}},"type":"if","locations":[{"start":{"line":37,"column":4},"end":{"line":41,"column":5}}]},"2":{"loc":{"start":{"line":60,"column":6},"end":{"line":64,"column":7}},"type":"if","locations":[{"start":{"line":60,"column":6},"end":{"line":64,"column":7}}]},"3":{"loc":{"start":{"line":66,"column":6},"end":{"line":70,"column":7}},"type":"if","locations":[{"start":{"line":66,"column":6},"end":{"line":70,"column":7}}]},"4":{"loc":{"start":{"line":136,"column":4},"end":{"line":138,"column":5}},"type":"if","locations":[{"start":{"line":136,"column":4},"end":{"line":138,"column":5}}]},"5":{"loc":{"start":{"line":136,"column":8},"end":{"line":136,"column":57}},"type":"binary-expr","locations":[{"start":{"line":136,"column":8},"end":{"line":136,"column":28}},{"start":{"line":136,"column":32},"end":{"line":136,"column":57}}]},"6":{"loc":{"start":{"line":158,"column":4},"end":{"line":160,"column":5}},"type":"if","locations":[{"start":{"line":158,"column":4},"end":{"line":160,"column":5}}]},"7":{"loc":{"start":{"line":183,"column":17},"end":{"line":183,"column":33}},"type":"binary-expr","locations":[{"start":{"line":183,"column":17},"end":{"line":183,"column":28}},{"start":{"line":183,"column":32},"end":{"line":183,"column":33}}]},"8":{"loc":{"start":{"line":184,"column":18},"end":{"line":184,"column":36}},"type":"binary-expr","locations":[{"start":{"line":184,"column":18},"end":{"line":184,"column":30}},{"start":{"line":184,"column":34},"end":{"line":184,"column":36}}]},"9":{"loc":{"start":{"line":190,"column":4},"end":{"line":192,"column":5}},"type":"if","locations":[{"start":{"line":190,"column":4},"end":{"line":192,"column":5}}]},"10":{"loc":{"start":{"line":190,"column":8},"end":{"line":190,"column":57}},"type":"binary-expr","locations":[{"start":{"line":190,"column":8},"end":{"line":190,"column":28}},{"start":{"line":190,"column":32},"end":{"line":190,"column":57}}]},"11":{"loc":{"start":{"line":195,"column":4},"end":{"line":197,"column":5}},"type":"if","locations":[{"start":{"line":195,"column":4},"end":{"line":197,"column":5}}]},"12":{"loc":{"start":{"line":250,"column":4},"end":{"line":252,"column":5}},"type":"if","locations":[{"start":{"line":250,"column":4},"end":{"line":252,"column":5}}]},"13":{"loc":{"start":{"line":250,"column":8},"end":{"line":250,"column":57}},"type":"binary-expr","locations":[{"start":{"line":250,"column":8},"end":{"line":250,"column":28}},{"start":{"line":250,"column":32},"end":{"line":250,"column":57}}]},"14":{"loc":{"start":{"line":261,"column":4},"end":{"line":263,"column":5}},"type":"if","locations":[{"start":{"line":261,"column":4},"end":{"line":263,"column":5}}]},"15":{"loc":{"start":{"line":265,"column":4},"end":{"line":267,"column":5}},"type":"if","locations":[{"start":{"line":265,"column":4},"end":{"line":267,"column":5}}]},"16":{"loc":{"start":{"line":269,"column":4},"end":{"line":271,"column":5}},"type":"if","locations":[{"start":{"line":269,"column":4},"end":{"line":271,"column":5}}]}},"s":{"0":1,"1":1,"2":1,"3":11,"4":11,"5":11,"6":1,"7":10,"8":2,"9":8,"10":8,"11":8,"12":8,"13":8,"14":5,"15":3,"16":2,"17":1,"18":1,"19":1,"20":1,"21":1,"22":1,"23":1,"24":1,"25":1,"26":10,"27":10,"28":1,"29":1,"30":3,"31":3,"32":3,"33":2,"34":3,"35":3,"36":1,"37":2,"38":1,"39":1,"40":1,"41":1,"42":3,"43":3,"44":3,"45":3,"46":3,"47":3,"48":2,"49":3,"50":1,"51":3,"52":3,"53":3,"54":3,"55":0,"56":0,"57":1,"58":1,"59":6,"60":6,"61":1,"62":5,"63":5,"64":1,"65":4,"66":1,"67":3,"68":1,"69":2,"70":2,"71":2,"72":2,"73":2,"74":2,"75":4,"76":4,"77":1},"f":{"0":11,"1":1,"2":3,"3":3,"4":6,"5":2},"b":{"0":[1],"1":[2],"2":[5],"3":[2],"4":[2],"5":[3,2],"6":[1],"7":[3,0],"8":[3,0],"9":[2],"10":[3,2],"11":[1],"12":[1],"13":[6,2],"14":[1],"15":[1],"16":[1]}}
,"/Users/ahmadm/Documents/Works/SERA/ecomerce-architect/backend/src/api/v1/products/products.service.ts": {"path":"/Users/ahmadm/Documents/Works/SERA/ecomerce-architect/backend/src/api/v1/products/products.service.ts","statementMap":{"0":{"start":{"line":1,"column":0},"end":{"line":1,"column":48}},"1":{"start":{"line":2,"column":0},"end":{"line":2,"column":50}},"2":{"start":{"line":31,"column":30},"end":{"line":52,"column":1}},"3":{"start":{"line":34,"column":2},"end":{"line":51,"column":3}},"4":{"start":{"line":35,"column":20},"end":{"line":45,"column":6}},"5":{"start":{"line":47,"column":4},"end":{"line":47,"column":19}},"6":{"start":{"line":49,"column":4},"end":{"line":49,"column":52}},"7":{"start":{"line":50,"column":4},"end":{"line":50,"column":16}},"8":{"start":{"line":31,"column":13},"end":{"line":31,"column":30}},"9":{"start":{"line":54,"column":30},"end":{"line":95,"column":1}},"10":{"start":{"line":58,"column":2},"end":{"line":94,"column":3}},"11":{"start":{"line":60,"column":28},"end":{"line":66,"column":6}},"12":{"start":{"line":68,"column":4},"end":{"line":70,"column":5}},"13":{"start":{"line":69,"column":6},"end":{"line":69,"column":64}},"14":{"start":{"line":72,"column":28},"end":{"line":72,"column":30}},"15":{"start":{"line":73,"column":4},"end":{"line":73,"column":75}},"16":{"start":{"line":73,"column":40},"end":{"line":73,"column":75}},"17":{"start":{"line":74,"column":4},"end":{"line":75,"column":55}},"18":{"start":{"line":75,"column":6},"end":{"line":75,"column":55}},"19":{"start":{"line":76,"column":4},"end":{"line":77,"column":63}},"20":{"start":{"line":77,"column":6},"end":{"line":77,"column":63}},"21":{"start":{"line":78,"column":4},"end":{"line":78,"column":78}},"22":{"start":{"line":78,"column":41},"end":{"line":78,"column":78}},"23":{"start":{"line":79,"column":4},"end":{"line":79,"column":78}},"24":{"start":{"line":79,"column":41},"end":{"line":79,"column":78}},"25":{"start":{"line":80,"column":4},"end":{"line":81,"column":49}},"26":{"start":{"line":81,"column":6},"end":{"line":81,"column":49}},"27":{"start":{"line":82,"column":4},"end":{"line":83,"column":45}},"28":{"start":{"line":83,"column":6},"end":{"line":83,"column":45}},"29":{"start":{"line":85,"column":20},"end":{"line":88,"column":6}},"30":{"start":{"line":90,"column":4},"end":{"line":90,"column":19}},"31":{"start":{"line":92,"column":4},"end":{"line":92,"column":50}},"32":{"start":{"line":93,"column":4},"end":{"line":93,"column":16}},"33":{"start":{"line":54,"column":13},"end":{"line":54,"column":30}},"34":{"start":{"line":97,"column":30},"end":{"line":126,"column":1}},"35":{"start":{"line":98,"column":2},"end":{"line":125,"column":3}},"36":{"start":{"line":100,"column":28},"end":{"line":106,"column":6}},"37":{"start":{"line":108,"column":4},"end":{"line":110,"column":5}},"38":{"start":{"line":109,"column":6},"end":{"line":109,"column":64}},"39":{"start":{"line":113,"column":20},"end":{"line":119,"column":6}},"40":{"start":{"line":121,"column":4},"end":{"line":121,"column":19}},"41":{"start":{"line":123,"column":4},"end":{"line":123,"column":50}},"42":{"start":{"line":124,"column":4},"end":{"line":124,"column":16}},"43":{"start":{"line":97,"column":13},"end":{"line":97,"column":30}},"44":{"start":{"line":128,"column":31},"end":{"line":147,"column":1}},"45":{"start":{"line":129,"column":2},"end":{"line":146,"column":3}},"46":{"start":{"line":130,"column":20},"end":{"line":136,"column":6}},"47":{"start":{"line":138,"column":4},"end":{"line":140,"column":5}},"48":{"start":{"line":139,"column":6},"end":{"line":139,"column":64}},"49":{"start":{"line":142,"column":4},"end":{"line":142,"column":19}},"50":{"start":{"line":144,"column":4},"end":{"line":144,"column":53}},"51":{"start":{"line":145,"column":4},"end":{"line":145,"column":16}},"52":{"start":{"line":128,"column":13},"end":{"line":128,"column":31}},"53":{"start":{"line":149,"column":28},"end":{"line":213,"column":1}},"54":{"start":{"line":160,"column":2},"end":{"line":212,"column":3}},"55":{"start":{"line":161,"column":17},"end":{"line":161,"column":33}},"56":{"start":{"line":162,"column":18},"end":{"line":162,"column":36}},"57":{"start":{"line":163,"column":17},"end":{"line":163,"column":35}},"58":{"start":{"line":166,"column":29},"end":{"line":169,"column":6}},"59":{"start":{"line":171,"column":4},"end":{"line":176,"column":5}},"60":{"start":{"line":172,"column":6},"end":{"line":175,"column":8}},"61":{"start":{"line":178,"column":4},"end":{"line":183,"column":5}},"62":{"start":{"line":179,"column":6},"end":{"line":182,"column":8}},"63":{"start":{"line":186,"column":22},"end":{"line":188,"column":6}},"64":{"start":{"line":191,"column":21},"end":{"line":196,"column":6}},"65":{"start":{"line":198,"column":23},"end":{"line":198,"column":51}},"66":{"start":{"line":200,"column":4},"end":{"line":208,"column":6}},"67":{"start":{"line":210,"column":4},"end":{"line":210,"column":52}},"68":{"start":{"line":211,"column":4},"end":{"line":211,"column":16}},"69":{"start":{"line":149,"column":13},"end":{"line":149,"column":28}},"70":{"start":{"line":215,"column":31},"end":{"line":236,"column":1}},"71":{"start":{"line":227,"column":2},"end":{"line":235,"column":3}},"72":{"start":{"line":228,"column":4},"end":{"line":231,"column":7}},"73":{"start":{"line":233,"column":4},"end":{"line":233,"column":50}},"74":{"start":{"line":234,"column":4},"end":{"line":234,"column":16}},"75":{"start":{"line":215,"column":13},"end":{"line":215,"column":31}}},"fnMap":{"0":{"name":"(anonymous_0)","decl":{"start":{"line":31,"column":30},"end":{"line":31,"column":35}},"loc":{"start":{"line":33,"column":18},"end":{"line":52,"column":1}}},"1":{"name":"(anonymous_1)","decl":{"start":{"line":54,"column":30},"end":{"line":54,"column":35}},"loc":{"start":{"line":57,"column":18},"end":{"line":95,"column":1}}},"2":{"name":"(anonymous_2)","decl":{"start":{"line":97,"column":30},"end":{"line":97,"column":35}},"loc":{"start":{"line":97,"column":72},"end":{"line":126,"column":1}}},"3":{"name":"(anonymous_3)","decl":{"start":{"line":128,"column":31},"end":{"line":128,"column":36}},"loc":{"start":{"line":128,"column":73},"end":{"line":147,"column":1}}},"4":{"name":"(anonymous_4)","decl":{"start":{"line":149,"column":28},"end":{"line":149,"column":33}},"loc":{"start":{"line":159,"column":5},"end":{"line":213,"column":1}}},"5":{"name":"(anonymous_5)","decl":{"start":{"line":215,"column":31},"end":{"line":215,"column":36}},"loc":{"start":{"line":226,"column":5},"end":{"line":236,"column":1}}}},"branchMap":{"0":{"loc":{"start":{"line":43,"column":16},"end":{"line":43,"column":73}},"type":"cond-expr","locations":[{"start":{"line":43,"column":51},"end":{"line":43,"column":69}},{"start":{"line":43,"column":72},"end":{"line":43,"column":73}}]},"1":{"loc":{"start":{"line":68,"column":4},"end":{"line":70,"column":5}},"type":"if","locations":[{"start":{"line":68,"column":4},"end":{"line":70,"column":5}}]},"2":{"loc":{"start":{"line":73,"column":4},"end":{"line":73,"column":75}},"type":"if","locations":[{"start":{"line":73,"column":4},"end":{"line":73,"column":75}}]},"3":{"loc":{"start":{"line":74,"column":4},"end":{"line":75,"column":55}},"type":"if","locations":[{"start":{"line":74,"column":4},"end":{"line":75,"column":55}}]},"4":{"loc":{"start":{"line":76,"column":4},"end":{"line":77,"column":63}},"type":"if","locations":[{"start":{"line":76,"column":4},"end":{"line":77,"column":63}}]},"5":{"loc":{"start":{"line":78,"column":4},"end":{"line":78,"column":78}},"type":"if","locations":[{"start":{"line":78,"column":4},"end":{"line":78,"column":78}}]},"6":{"loc":{"start":{"line":79,"column":4},"end":{"line":79,"column":78}},"type":"if","locations":[{"start":{"line":79,"column":4},"end":{"line":79,"column":78}}]},"7":{"loc":{"start":{"line":80,"column":4},"end":{"line":81,"column":49}},"type":"if","locations":[{"start":{"line":80,"column":4},"end":{"line":81,"column":49}}]},"8":{"loc":{"start":{"line":82,"column":4},"end":{"line":83,"column":45}},"type":"if","locations":[{"start":{"line":82,"column":4},"end":{"line":83,"column":45}}]},"9":{"loc":{"start":{"line":108,"column":4},"end":{"line":110,"column":5}},"type":"if","locations":[{"start":{"line":108,"column":4},"end":{"line":110,"column":5}}]},"10":{"loc":{"start":{"line":138,"column":4},"end":{"line":140,"column":5}},"type":"if","locations":[{"start":{"line":138,"column":4},"end":{"line":140,"column":5}}]},"11":{"loc":{"start":{"line":161,"column":17},"end":{"line":161,"column":33}},"type":"binary-expr","locations":[{"start":{"line":161,"column":17},"end":{"line":161,"column":28}},{"start":{"line":161,"column":32},"end":{"line":161,"column":33}}]},"12":{"loc":{"start":{"line":162,"column":18},"end":{"line":162,"column":36}},"type":"binary-expr","locations":[{"start":{"line":162,"column":18},"end":{"line":162,"column":30}},{"start":{"line":162,"column":34},"end":{"line":162,"column":36}}]},"13":{"loc":{"start":{"line":171,"column":4},"end":{"line":176,"column":5}},"type":"if","locations":[{"start":{"line":171,"column":4},"end":{"line":176,"column":5}}]},"14":{"loc":{"start":{"line":178,"column":4},"end":{"line":183,"column":5}},"type":"if","locations":[{"start":{"line":178,"column":4},"end":{"line":183,"column":5}}]}},"s":{"0":1,"1":1,"2":1,"3":4,"4":4,"5":3,"6":1,"7":1,"8":1,"9":1,"10":11,"11":11,"12":11,"13":3,"14":8,"15":8,"16":2,"17":8,"18":1,"19":8,"20":2,"21":8,"22":2,"23":8,"24":1,"25":8,"26":1,"27":8,"28":1,"29":8,"30":8,"31":3,"32":3,"33":1,"34":1,"35":3,"36":3,"37":3,"38":2,"39":1,"40":1,"41":2,"42":2,"43":1,"44":1,"45":4,"46":4,"47":4,"48":2,"49":2,"50":2,"51":2,"52":1,"53":1,"54":8,"55":8,"56":8,"57":8,"58":8,"59":8,"60":4,"61":8,"62":2,"63":8,"64":7,"65":7,"66":7,"67":1,"68":1,"69":1,"70":1,"71":2,"72":2,"73":1,"74":1,"75":1},"f":{"0":4,"1":11,"2":3,"3":4,"4":8,"5":2},"b":{"0":[1,3],"1":[3],"2":[2],"3":[1],"4":[2],"5":[2],"6":[1],"7":[1],"8":[1],"9":[2],"10":[2],"11":[8,2],"12":[8,2],"13":[4],"14":[2]}}
,"/Users/ahmadm/Documents/Works/SERA/ecomerce-architect/backend/src/api/v1/tasks/tasks.service.ts": {"path":"/Users/ahmadm/Documents/Works/SERA/ecomerce-architect/backend/src/api/v1/tasks/tasks.service.ts","statementMap":{"0":{"start":{"line":1,"column":0},"end":{"line":1,"column":48}},"1":{"start":{"line":3,"column":27},"end":{"line":49,"column":1}},"2":{"start":{"line":10,"column":2},"end":{"line":48,"column":3}},"3":{"start":{"line":11,"column":4},"end":{"line":14,"column":6}},"4":{"start":{"line":16,"column":4},"end":{"line":18,"column":5}},"5":{"start":{"line":17,"column":6},"end":{"line":17,"column":41}},"6":{"start":{"line":20,"column":23},"end":{"line":22,"column":6}},"7":{"start":{"line":24,"column":4},"end":{"line":24,"column":74}},"8":{"start":{"line":26,"column":4},"end":{"line":28,"column":5}},"9":{"start":{"line":27,"column":6},"end":{"line":27,"column":58}},"10":{"start":{"line":30,"column":4},"end":{"line":39,"column":7}},"11":{"start":{"line":41,"column":4},"end":{"line":44,"column":6}},"12":{"start":{"line":46,"column":4},"end":{"line":46,"column":49}},"13":{"start":{"line":47,"column":4},"end":{"line":47,"column":16}},"14":{"start":{"line":3,"column":13},"end":{"line":3,"column":27}},"15":{"start":{"line":51,"column":27},"end":{"line":104,"column":1}},"16":{"start":{"line":60,"column":2},"end":{"line":103,"column":3}},"17":{"start":{"line":61,"column":23},"end":{"line":63,"column":6}},"18":{"start":{"line":65,"column":4},"end":{"line":65,"column":74}},"19":{"start":{"line":67,"column":4},"end":{"line":69,"column":5}},"20":{"start":{"line":68,"column":6},"end":{"line":68,"column":58}},"21":{"start":{"line":71,"column":23},"end":{"line":73,"column":6}},"22":{"start":{"line":75,"column":4},"end":{"line":77,"column":5}},"23":{"start":{"line":76,"column":6},"end":{"line":76,"column":58}},"24":{"start":{"line":82,"column":4},"end":{"line":84,"column":5}},"25":{"start":{"line":83,"column":6},"end":{"line":83,"column":71}},"26":{"start":{"line":86,"column":4},"end":{"line":94,"column":7}},"27":{"start":{"line":96,"column":4},"end":{"line":99,"column":6}},"28":{"start":{"line":101,"column":4},"end":{"line":101,"column":47}},"29":{"start":{"line":102,"column":4},"end":{"line":102,"column":16}},"30":{"start":{"line":51,"column":13},"end":{"line":51,"column":27}},"31":{"start":{"line":106,"column":27},"end":{"line":145,"column":1}},"32":{"start":{"line":111,"column":2},"end":{"line":144,"column":3}},"33":{"start":{"line":112,"column":4},"end":{"line":114,"column":5}},"34":{"start":{"line":113,"column":6},"end":{"line":113,"column":41}},"35":{"start":{"line":116,"column":23},"end":{"line":118,"column":6}},"36":{"start":{"line":120,"column":4},"end":{"line":120,"column":74}},"37":{"start":{"line":122,"column":4},"end":{"line":124,"column":5}},"38":{"start":{"line":123,"column":6},"end":{"line":123,"column":58}},"39":{"start":{"line":129,"column":4},"end":{"line":131,"column":5}},"40":{"start":{"line":130,"column":6},"end":{"line":130,"column":71}},"41":{"start":{"line":133,"column":4},"end":{"line":135,"column":7}},"42":{"start":{"line":137,"column":4},"end":{"line":140,"column":6}},"43":{"start":{"line":142,"column":4},"end":{"line":142,"column":49}},"44":{"start":{"line":143,"column":4},"end":{"line":143,"column":16}},"45":{"start":{"line":106,"column":13},"end":{"line":106,"column":27}},"46":{"start":{"line":147,"column":33},"end":{"line":194,"column":1}},"47":{"start":{"line":151,"column":2},"end":{"line":193,"column":3}},"48":{"start":{"line":152,"column":4},"end":{"line":154,"column":5}},"49":{"start":{"line":153,"column":6},"end":{"line":153,"column":41}},"50":{"start":{"line":156,"column":23},"end":{"line":158,"column":6}},"51":{"start":{"line":160,"column":4},"end":{"line":160,"column":74}},"52":{"start":{"line":162,"column":4},"end":{"line":164,"column":5}},"53":{"start":{"line":163,"column":6},"end":{"line":163,"column":58}},"54":{"start":{"line":170,"column":4},"end":{"line":179,"column":5}},"55":{"start":{"line":171,"column":6},"end":{"line":173,"column":9}},"56":{"start":{"line":175,"column":6},"end":{"line":178,"column":9}},"57":{"start":{"line":181,"column":4},"end":{"line":189,"column":8}},"58":{"start":{"line":181,"column":32},"end":{"line":189,"column":6}},"59":{"start":{"line":191,"column":4},"end":{"line":191,"column":50}},"60":{"start":{"line":192,"column":4},"end":{"line":192,"column":16}},"61":{"start":{"line":147,"column":13},"end":{"line":147,"column":33}}},"fnMap":{"0":{"name":"(anonymous_0)","decl":{"start":{"line":3,"column":27},"end":{"line":3,"column":32}},"loc":{"start":{"line":9,"column":52},"end":{"line":49,"column":1}}},"1":{"name":"(anonymous_1)","decl":{"start":{"line":51,"column":27},"end":{"line":51,"column":32}},"loc":{"start":{"line":59,"column":52},"end":{"line":104,"column":1}}},"2":{"name":"(anonymous_2)","decl":{"start":{"line":106,"column":27},"end":{"line":106,"column":32}},"loc":{"start":{"line":110,"column":52},"end":{"line":145,"column":1}}},"3":{"name":"(anonymous_3)","decl":{"start":{"line":147,"column":33},"end":{"line":147,"column":38}},"loc":{"start":{"line":150,"column":30},"end":{"line":194,"column":1}}},"4":{"name":"(anonymous_4)","decl":{"start":{"line":181,"column":21},"end":{"line":181,"column":22}},"loc":{"start":{"line":181,"column":32},"end":{"line":189,"column":6}}}},"branchMap":{"0":{"loc":{"start":{"line":16,"column":4},"end":{"line":18,"column":5}},"type":"if","locations":[{"start":{"line":16,"column":4},"end":{"line":18,"column":5}}]},"1":{"loc":{"start":{"line":16,"column":8},"end":{"line":16,"column":40}},"type":"binary-expr","locations":[{"start":{"line":16,"column":8},"end":{"line":16,"column":15}},{"start":{"line":16,"column":19},"end":{"line":16,"column":40}}]},"2":{"loc":{"start":{"line":26,"column":4},"end":{"line":28,"column":5}},"type":"if","locations":[{"start":{"line":26,"column":4},"end":{"line":28,"column":5}}]},"3":{"loc":{"start":{"line":34,"column":16},"end":{"line":34,"column":31}},"type":"binary-expr","locations":[{"start":{"line":34,"column":16},"end":{"line":34,"column":22}},{"start":{"line":34,"column":26},"end":{"line":34,"column":31}}]},"4":{"loc":{"start":{"line":35,"column":18},"end":{"line":35,"column":34}},"type":"binary-expr","locations":[{"start":{"line":35,"column":18},"end":{"line":35,"column":26}},{"start":{"line":35,"column":30},"end":{"line":35,"column":34}}]},"5":{"loc":{"start":{"line":67,"column":4},"end":{"line":69,"column":5}},"type":"if","locations":[{"start":{"line":67,"column":4},"end":{"line":69,"column":5}}]},"6":{"loc":{"start":{"line":75,"column":4},"end":{"line":77,"column":5}},"type":"if","locations":[{"start":{"line":75,"column":4},"end":{"line":77,"column":5}}]},"7":{"loc":{"start":{"line":82,"column":4},"end":{"line":84,"column":5}},"type":"if","locations":[{"start":{"line":82,"column":4},"end":{"line":84,"column":5}}]},"8":{"loc":{"start":{"line":82,"column":8},"end":{"line":82,"column":74}},"type":"binary-expr","locations":[{"start":{"line":82,"column":8},"end":{"line":82,"column":33}},{"start":{"line":82,"column":37},"end":{"line":82,"column":74}}]},"9":{"loc":{"start":{"line":89,"column":15},"end":{"line":89,"column":40}},"type":"binary-expr","locations":[{"start":{"line":89,"column":15},"end":{"line":89,"column":20}},{"start":{"line":89,"column":24},"end":{"line":89,"column":40}}]},"10":{"loc":{"start":{"line":90,"column":21},"end":{"line":90,"column":58}},"type":"binary-expr","locations":[{"start":{"line":90,"column":21},"end":{"line":90,"column":32}},{"start":{"line":90,"column":36},"end":{"line":90,"column":58}}]},"11":{"loc":{"start":{"line":91,"column":16},"end":{"line":91,"column":65}},"type":"cond-expr","locations":[{"start":{"line":91,"column":39},"end":{"line":91,"column":45}},{"start":{"line":91,"column":48},"end":{"line":91,"column":65}}]},"12":{"loc":{"start":{"line":92,"column":18},"end":{"line":92,"column":49}},"type":"binary-expr","locations":[{"start":{"line":92,"column":18},"end":{"line":92,"column":26}},{"start":{"line":92,"column":30},"end":{"line":92,"column":49}}]},"13":{"loc":{"start":{"line":112,"column":4},"end":{"line":114,"column":5}},"type":"if","locations":[{"start":{"line":112,"column":4},"end":{"line":114,"column":5}}]},"14":{"loc":{"start":{"line":112,"column":8},"end":{"line":112,"column":40}},"type":"binary-expr","locations":[{"start":{"line":112,"column":8},"end":{"line":112,"column":15}},{"start":{"line":112,"column":19},"end":{"line":112,"column":40}}]},"15":{"loc":{"start":{"line":122,"column":4},"end":{"line":124,"column":5}},"type":"if","locations":[{"start":{"line":122,"column":4},"end":{"line":124,"column":5}}]},"16":{"loc":{"start":{"line":129,"column":4},"end":{"line":131,"column":5}},"type":"if","locations":[{"start":{"line":129,"column":4},"end":{"line":131,"column":5}}]},"17":{"loc":{"start":{"line":129,"column":8},"end":{"line":129,"column":74}},"type":"binary-expr","locations":[{"start":{"line":129,"column":8},"end":{"line":129,"column":33}},{"start":{"line":129,"column":37},"end":{"line":129,"column":74}}]},"18":{"loc":{"start":{"line":152,"column":4},"end":{"line":154,"column":5}},"type":"if","locations":[{"start":{"line":152,"column":4},"end":{"line":154,"column":5}}]},"19":{"loc":{"start":{"line":152,"column":8},"end":{"line":152,"column":40}},"type":"binary-expr","locations":[{"start":{"line":152,"column":8},"end":{"line":152,"column":15}},{"start":{"line":152,"column":19},"end":{"line":152,"column":40}}]},"20":{"loc":{"start":{"line":162,"column":4},"end":{"line":164,"column":5}},"type":"if","locations":[{"start":{"line":162,"column":4},"end":{"line":164,"column":5}}]},"21":{"loc":{"start":{"line":170,"column":4},"end":{"line":179,"column":5}},"type":"if","locations":[{"start":{"line":170,"column":4},"end":{"line":179,"column":5}},{"start":{"line":174,"column":11},"end":{"line":179,"column":5}}]},"22":{"loc":{"start":{"line":170,"column":8},"end":{"line":170,"column":57}},"type":"binary-expr","locations":[{"start":{"line":170,"column":8},"end":{"line":170,"column":33}},{"start":{"line":170,"column":37},"end":{"line":170,"column":57}}]},"23":{"loc":{"start":{"line":187,"column":17},"end":{"line":187,"column":52}},"type":"binary-expr","locations":[{"start":{"line":187,"column":17},"end":{"line":187,"column":46}},{"start":{"line":187,"column":50},"end":{"line":187,"column":52}}]},"24":{"loc":{"start":{"line":188,"column":16},"end":{"line":188,"column":52}},"type":"binary-expr","locations":[{"start":{"line":188,"column":16},"end":{"line":188,"column":44}},{"start":{"line":188,"column":48},"end":{"line":188,"column":52}}]}},"s":{"0":1,"1":1,"2":4,"3":4,"4":4,"5":1,"6":3,"7":3,"8":3,"9":1,"10":2,"11":2,"12":2,"13":2,"14":1,"15":1,"16":5,"17":5,"18":5,"19":5,"20":0,"21":5,"22":5,"23":1,"24":4,"25":1,"26":3,"27":3,"28":2,"29":2,"30":1,"31":1,"32":5,"33":5,"34":1,"35":4,"36":4,"37":4,"38":1,"39":3,"40":1,"41":2,"42":2,"43":3,"44":3,"45":1,"46":1,"47":6,"48":6,"49":1,"50":5,"51":5,"52":5,"53":1,"54":4,"55":2,"56":2,"57":4,"58":7,"59":2,"60":2,"61":1},"f":{"0":4,"1":5,"2":5,"3":6,"4":7},"b":{"0":[1],"1":[4,3],"2":[1],"3":[2,2],"4":[2,1],"5":[0],"6":[1],"7":[1],"8":[4,3],"9":[3,1],"10":[3,3],"11":[0,3],"12":[3,3],"13":[1],"14":[5,4],"15":[1],"16":[1],"17":[3,2],"18":[1],"19":[6,5],"20":[1],"21":[2,2],"22":[4,3],"23":[7,0],"24":[7,3]}}
,"/Users/ahmadm/Documents/Works/SERA/ecomerce-architect/backend/src/api/v1/users/users.service.ts": {"path":"/Users/ahmadm/Documents/Works/SERA/ecomerce-architect/backend/src/api/v1/users/users.service.ts","statementMap":{"0":{"start":{"line":1,"column":0},"end":{"line":1,"column":48}},"1":{"start":{"line":2,"column":0},"end":{"line":2,"column":46}},"2":{"start":{"line":3,"column":0},"end":{"line":3,"column":39}},"3":{"start":{"line":8,"column":28},"end":{"line":32,"column":1}},"4":{"start":{"line":9,"column":2},"end":{"line":31,"column":3}},"5":{"start":{"line":10,"column":18},"end":{"line":14,"column":6}},"6":{"start":{"line":17,"column":4},"end":{"line":27,"column":8}},"7":{"start":{"line":17,"column":32},"end":{"line":27,"column":6}},"8":{"start":{"line":29,"column":4},"end":{"line":29,"column":49}},"9":{"start":{"line":30,"column":4},"end":{"line":30,"column":16}},"10":{"start":{"line":8,"column":13},"end":{"line":8,"column":28}},"11":{"start":{"line":37,"column":31},"end":{"line":74,"column":1}},"12":{"start":{"line":41,"column":2},"end":{"line":73,"column":3}},"13":{"start":{"line":43,"column":17},"end":{"line":45,"column":6}},"14":{"start":{"line":47,"column":4},"end":{"line":49,"column":5}},"15":{"start":{"line":48,"column":6},"end":{"line":48,"column":68}},"16":{"start":{"line":52,"column":17},"end":{"line":54,"column":6}},"17":{"start":{"line":56,"column":4},"end":{"line":58,"column":5}},"18":{"start":{"line":57,"column":6},"end":{"line":57,"column":68}},"19":{"start":{"line":61,"column":4},"end":{"line":64,"column":7}},"20":{"start":{"line":66,"column":4},"end":{"line":69,"column":6}},"21":{"start":{"line":71,"column":4},"end":{"line":71,"column":52}},"22":{"start":{"line":72,"column":4},"end":{"line":72,"column":16}},"23":{"start":{"line":37,"column":13},"end":{"line":37,"column":31}},"24":{"start":{"line":79,"column":28},"end":{"line":93,"column":1}},"25":{"start":{"line":80,"column":2},"end":{"line":92,"column":3}},"26":{"start":{"line":81,"column":18},"end":{"line":86,"column":6}},"27":{"start":{"line":88,"column":4},"end":{"line":88,"column":17}},"28":{"start":{"line":90,"column":4},"end":{"line":90,"column":49}},"29":{"start":{"line":91,"column":4},"end":{"line":91,"column":16}},"30":{"start":{"line":79,"column":13},"end":{"line":79,"column":28}}},"fnMap":{"0":{"name":"(anonymous_0)","decl":{"start":{"line":8,"column":28},"end":{"line":8,"column":33}},"loc":{"start":{"line":8,"column":55},"end":{"line":32,"column":1}}},"1":{"name":"(anonymous_1)","decl":{"start":{"line":17,"column":21},"end":{"line":17,"column":22}},"loc":{"start":{"line":17,"column":32},"end":{"line":27,"column":6}}},"2":{"name":"(anonymous_2)","decl":{"start":{"line":37,"column":31},"end":{"line":37,"column":36}},"loc":{"start":{"line":40,"column":52},"end":{"line":74,"column":1}}},"3":{"name":"(anonymous_3)","decl":{"start":{"line":79,"column":28},"end":{"line":79,"column":33}},"loc":{"start":{"line":79,"column":55},"end":{"line":93,"column":1}}}},"branchMap":{"0":{"loc":{"start":{"line":47,"column":4},"end":{"line":49,"column":5}},"type":"if","locations":[{"start":{"line":47,"column":4},"end":{"line":49,"column":5}}]},"1":{"loc":{"start":{"line":56,"column":4},"end":{"line":58,"column":5}},"type":"if","locations":[{"start":{"line":56,"column":4},"end":{"line":58,"column":5}}]}},"s":{"0":1,"1":1,"2":1,"3":1,"4":4,"5":4,"6":3,"7":4,"8":1,"9":1,"10":1,"11":1,"12":5,"13":5,"14":5,"15":2,"16":3,"17":3,"18":1,"19":2,"20":1,"21":4,"22":4,"23":1,"24":1,"25":4,"26":4,"27":3,"28":1,"29":1,"30":1},"f":{"0":4,"1":4,"2":5,"3":4},"b":{"0":[2],"1":[1]}}
}
