TN:
SF:src/api/v1/auth/auth.service.ts
FN:8,(anonymous_1)
FN:61,(anonymous_2)
FNF:2
FNH:2
FNDA:5,(anonymous_1)
FNDA:5,(anonymous_2)
DA:1,1
DA:2,1
DA:3,1
DA:4,1
DA:5,1
DA:6,1
DA:8,1
DA:13,5
DA:14,5
DA:15,1
DA:18,4
DA:19,4
DA:21,4
DA:25,4
DA:26,1
DA:30,3
DA:35,3
DA:36,1
DA:42,2
DA:51,2
DA:56,3
DA:57,3
DA:61,1
DA:70,5
DA:71,5
DA:72,1
DA:78,4
DA:80,4
DA:85,4
DA:86,1
DA:89,3
DA:90,1
DA:93,2
DA:98,2
DA:100,2
DA:107,3
DA:108,3
LF:37
LH:37
BRDA:14,0,0,1
BRDA:14,1,0,5
BRDA:14,1,1,5
BRDA:14,1,2,4
BRDA:25,2,0,1
BRDA:35,3,0,1
BRDA:71,4,0,1
BRDA:71,5,0,5
BRDA:71,5,1,4
BRDA:85,6,0,1
BRDA:89,7,0,1
BRDA:102,8,0,2
BRDA:102,8,1,0
BRF:13
BRH:12
end_of_record
TN:
SF:src/api/v1/orders/orders.service.ts
FN:30,(anonymous_1)
FN:94,(anonymous_2)
FN:156,(anonymous_3)
FN:200,(anonymous_4)
FN:325,(anonymous_5)
FN:356,(anonymous_6)
FN:395,(anonymous_7)
FNF:7
FNH:7
FNDA:11,(anonymous_1)
FNDA:1,(anonymous_2)
FNDA:3,(anonymous_3)
FNDA:12,(anonymous_4)
FNDA:6,(anonymous_5)
FNDA:2,(anonymous_6)
FNDA:9,(anonymous_7)
DA:1,1
DA:2,1
DA:3,1
DA:7,1
DA:30,1
DA:34,11
DA:36,11
DA:43,11
DA:44,1
DA:48,10
DA:49,2
DA:55,8
DA:60,8
DA:62,8
DA:63,8
DA:71,8
DA:72,5
DA:77,3
DA:78,2
DA:83,1
DA:84,1
DA:86,1
DA:94,1
DA:96,1
DA:99,1
DA:109,1
DA:110,1
DA:111,1
DA:123,1
DA:124,1
DA:135,1
DA:146,1
DA:149,1
DA:151,10
DA:152,10
DA:156,1
DA:161,3
DA:162,3
DA:167,3
DA:168,2
DA:171,3
DA:189,3
DA:190,1
DA:193,2
DA:195,1
DA:196,1
DA:200,1
DA:213,12
DA:214,12
DA:215,12
DA:216,12
DA:218,12
DA:221,12
DA:222,2
DA:226,12
DA:227,3
DA:243,12
DA:244,2
DA:248,12
DA:249,2
DA:250,2
DA:251,2
DA:253,2
DA:254,2
DA:259,12
DA:261,12
DA:262,5
DA:263,5
DA:265,0
DA:266,0
DA:268,1
DA:269,1
DA:271,2
DA:272,2
DA:274,1
DA:275,1
DA:277,1
DA:282,12
DA:287,11
DA:308,11
DA:310,11
DA:320,1
DA:321,1
DA:325,1
DA:330,6
DA:332,6
DA:333,1
DA:336,5
DA:343,5
DA:344,1
DA:347,4
DA:348,1
DA:351,3
DA:352,1
DA:356,2
DA:358,2
DA:374,2
DA:375,2
DA:385,2
DA:388,2
DA:390,4
DA:391,4
DA:395,1
DA:401,9
DA:403,9
DA:404,1
DA:407,8
DA:414,8
DA:415,1
DA:419,7
DA:420,7
DA:421,1
DA:425,6
DA:426,2
DA:432,4
DA:457,4
DA:459,5
DA:460,5
LF:118
LH:116
BRDA:43,0,0,1
BRDA:48,1,0,2
BRDA:71,2,0,5
BRDA:77,3,0,2
BRDA:167,4,0,2
BRDA:167,5,0,3
BRDA:167,5,1,2
BRDA:189,6,0,1
BRDA:214,7,0,12
BRDA:214,7,1,8
BRDA:215,8,0,12
BRDA:215,8,1,8
BRDA:221,9,0,2
BRDA:221,10,0,12
BRDA:221,10,1,2
BRDA:226,11,0,3
BRDA:243,12,0,2
BRDA:248,13,0,2
BRDA:248,14,0,12
BRDA:248,14,1,10
BRDA:250,15,0,2
BRDA:253,16,0,2
BRDA:261,17,0,5
BRDA:262,18,0,5
BRDA:262,18,1,0
BRDA:263,19,0,0
BRDA:263,19,1,1
BRDA:263,19,2,2
BRDA:263,19,3,1
BRDA:263,19,4,1
BRDA:332,20,0,1
BRDA:332,21,0,6
BRDA:332,21,1,2
BRDA:343,22,0,1
BRDA:347,23,0,1
BRDA:351,24,0,1
BRDA:403,25,0,1
BRDA:403,26,0,9
BRDA:403,26,1,2
BRDA:414,27,0,1
BRDA:420,28,0,1
BRDA:425,29,0,2
BRDA:425,30,0,6
BRDA:425,30,1,5
BRF:44
BRH:42
end_of_record
TN:
SF:src/api/v1/products/products.service.ts
FN:38,(anonymous_1)
FN:65,(anonymous_2)
FN:108,(anonymous_3)
FN:139,(anonymous_4)
FN:160,(anonymous_5)
FN:275,(anonymous_6)
FNF:6
FNH:6
FNDA:5,(anonymous_1)
FNDA:11,(anonymous_2)
FNDA:3,(anonymous_3)
FNDA:4,(anonymous_4)
FNDA:18,(anonymous_5)
FNDA:2,(anonymous_6)
DA:1,1
DA:2,1
DA:3,1
DA:4,1
DA:38,1
DA:41,5
DA:43,5
DA:45,5
DA:58,4
DA:60,1
DA:61,1
DA:65,1
DA:69,11
DA:71,11
DA:79,11
DA:80,3
DA:83,8
DA:84,8
DA:85,8
DA:86,1
DA:87,8
DA:88,2
DA:89,8
DA:90,8
DA:91,8
DA:92,1
DA:93,8
DA:94,1
DA:96,8
DA:101,8
DA:103,3
DA:104,3
DA:108,1
DA:109,3
DA:111,3
DA:119,3
DA:120,2
DA:124,1
DA:132,1
DA:134,2
DA:135,2
DA:139,1
DA:140,4
DA:141,4
DA:149,4
DA:150,2
DA:153,2
DA:155,2
DA:156,2
DA:160,1
DA:171,18
DA:172,18
DA:173,18
DA:174,18
DA:177,18
DA:183,18
DA:184,6
DA:193,18
DA:194,3
DA:201,18
DA:202,2
DA:206,18
DA:207,2
DA:208,2
DA:209,2
DA:211,2
DA:212,2
DA:217,18
DA:219,18
DA:220,7
DA:221,7
DA:223,0
DA:224,0
DA:226,1
DA:227,1
DA:229,1
DA:230,1
DA:232,1
DA:233,1
DA:235,2
DA:236,2
DA:238,1
DA:239,1
DA:241,1
DA:246,18
DA:251,17
DA:258,17
DA:260,17
DA:270,1
DA:271,1
DA:275,1
DA:287,2
DA:288,2
DA:293,1
DA:294,1
LF:95
LH:93
BRDA:54,0,0,1
BRDA:54,0,1,4
BRDA:79,1,0,3
BRDA:84,2,0,2
BRDA:85,3,0,1
BRDA:87,4,0,2
BRDA:89,5,0,2
BRDA:90,6,0,1
BRDA:91,7,0,1
BRDA:93,8,0,1
BRDA:119,9,0,2
BRDA:149,10,0,2
BRDA:172,11,0,18
BRDA:172,11,1,12
BRDA:173,12,0,18
BRDA:173,12,1,12
BRDA:183,13,0,6
BRDA:193,14,0,3
BRDA:201,15,0,2
BRDA:206,16,0,2
BRDA:206,17,0,18
BRDA:206,17,1,16
BRDA:208,18,0,2
BRDA:211,19,0,2
BRDA:219,20,0,7
BRDA:220,21,0,7
BRDA:220,21,1,0
BRDA:221,22,0,0
BRDA:221,22,1,1
BRDA:221,22,2,1
BRDA:221,22,3,1
BRDA:221,22,4,2
BRDA:221,22,5,1
BRDA:221,22,6,1
BRF:34
BRH:32
end_of_record
TN:
SF:src/api/v1/tasks/tasks.service.ts
FN:4,(anonymous_1)
FN:52,(anonymous_2)
FN:110,(anonymous_3)
FN:154,(anonymous_4)
FN:191,(anonymous_5)
FNF:5
FNH:5
FNDA:4,(anonymous_1)
FNDA:5,(anonymous_2)
FNDA:5,(anonymous_3)
FNDA:6,(anonymous_4)
FNDA:7,(anonymous_5)
DA:1,1
DA:2,1
DA:4,1
DA:11,4
DA:12,4
DA:14,4
DA:15,1
DA:18,3
DA:22,3
DA:27,3
DA:28,1
DA:31,2
DA:42,2
DA:47,2
DA:48,2
DA:52,1
DA:61,5
DA:62,5
DA:66,5
DA:71,5
DA:72,0
DA:75,5
DA:79,5
DA:80,1
DA:86,4
DA:87,1
DA:90,3
DA:100,3
DA:105,2
DA:106,2
DA:110,1
DA:115,5
DA:116,5
DA:117,1
DA:120,4
DA:124,4
DA:129,4
DA:130,1
DA:136,3
DA:137,1
DA:140,2
DA:144,2
DA:149,3
DA:150,3
DA:154,1
DA:158,6
DA:159,6
DA:160,1
DA:163,5
DA:167,5
DA:172,5
DA:173,1
DA:180,4
DA:181,2
DA:185,2
DA:191,7
DA:201,2
DA:202,2
LF:58
LH:57
BRDA:14,0,0,1
BRDA:14,1,0,4
BRDA:14,1,1,3
BRDA:27,2,0,1
BRDA:35,3,0,2
BRDA:35,3,1,2
BRDA:36,4,0,2
BRDA:36,4,1,1
BRDA:71,5,0,0
BRDA:79,6,0,1
BRDA:86,7,0,1
BRDA:86,8,0,4
BRDA:86,8,1,3
BRDA:93,9,0,3
BRDA:93,9,1,1
BRDA:94,10,0,3
BRDA:94,10,1,3
BRDA:95,11,0,0
BRDA:95,11,1,3
BRDA:96,12,0,3
BRDA:96,12,1,3
BRDA:116,13,0,1
BRDA:116,14,0,5
BRDA:116,14,1,4
BRDA:129,15,0,1
BRDA:136,16,0,1
BRDA:136,17,0,3
BRDA:136,17,1,2
BRDA:159,18,0,1
BRDA:159,19,0,6
BRDA:159,19,1,5
BRDA:172,20,0,1
BRDA:180,21,0,2
BRDA:180,21,1,2
BRDA:180,22,0,4
BRDA:180,22,1,3
BRDA:197,23,0,7
BRDA:197,23,1,0
BRDA:198,24,0,7
BRDA:198,24,1,3
BRF:40
BRH:37
end_of_record
TN:
SF:src/api/v1/users/users.service.ts
FN:9,(anonymous_1)
FN:18,(anonymous_2)
FN:38,(anonymous_3)
FN:80,(anonymous_4)
FNF:4
FNH:4
FNDA:4,(anonymous_1)
FNDA:4,(anonymous_2)
FNDA:5,(anonymous_3)
FNDA:4,(anonymous_4)
DA:1,1
DA:2,1
DA:3,1
DA:4,1
DA:9,1
DA:10,4
DA:11,4
DA:18,4
DA:30,1
DA:31,1
DA:38,1
DA:42,5
DA:44,5
DA:48,5
DA:49,2
DA:53,3
DA:57,3
DA:58,1
DA:62,2
DA:67,1
DA:72,4
DA:73,4
DA:80,1
DA:81,4
DA:82,4
DA:89,3
DA:91,1
DA:92,1
LF:28
LH:28
BRDA:48,0,0,2
BRDA:57,1,0,1
BRF:2
BRH:2
end_of_record
