TN:
SF:src/api/v1/auth/auth.service.ts
FN:7,(anonymous_0)
FN:60,(anonymous_1)
FNF:2
FNH:2
FNDA:5,(anonymous_0)
FNDA:5,(anonymous_1)
DA:1,1
DA:2,1
DA:3,1
DA:4,1
DA:5,1
DA:7,1
DA:12,5
DA:13,5
DA:14,1
DA:17,4
DA:18,4
DA:20,4
DA:24,4
DA:25,1
DA:29,3
DA:34,3
DA:35,1
DA:41,2
DA:50,2
DA:55,3
DA:56,3
DA:60,1
DA:69,5
DA:70,5
DA:71,1
DA:77,4
DA:79,4
DA:84,4
DA:85,1
DA:88,3
DA:89,1
DA:92,2
DA:97,2
DA:99,2
DA:106,3
DA:107,3
LF:36
LH:36
BRDA:13,0,0,1
BRDA:13,1,0,5
BRDA:13,1,1,5
BRDA:13,1,2,4
BRDA:24,2,0,1
BRDA:34,3,0,1
BRDA:70,4,0,1
BRDA:70,5,0,5
BRDA:70,5,1,4
BRDA:84,6,0,1
BRDA:88,7,0,1
BRDA:101,8,0,2
BRDA:101,8,1,0
BRF:13
BRH:12
end_of_record
TN:
SF:src/api/v1/orders/orders.service.ts
FN:19,(anonymous_0)
FN:83,(anonymous_1)
FN:125,(anonymous_2)
FN:169,(anonymous_3)
FN:243,(anonymous_4)
FN:274,(anonymous_5)
FNF:6
FNH:6
FNDA:11,(anonymous_0)
FNDA:1,(anonymous_1)
FNDA:3,(anonymous_2)
FNDA:3,(anonymous_3)
FNDA:6,(anonymous_4)
FNDA:2,(anonymous_5)
DA:1,1
DA:2,1
DA:19,1
DA:23,11
DA:25,11
DA:32,11
DA:33,1
DA:37,10
DA:38,2
DA:44,8
DA:49,8
DA:51,8
DA:52,8
DA:60,8
DA:61,5
DA:66,3
DA:67,2
DA:72,1
DA:73,1
DA:75,1
DA:83,1
DA:85,1
DA:104,1
DA:105,1
DA:115,1
DA:118,1
DA:120,10
DA:121,10
DA:125,1
DA:130,3
DA:131,3
DA:136,3
DA:137,2
DA:140,3
DA:158,3
DA:159,1
DA:162,2
DA:164,1
DA:165,1
DA:169,1
DA:182,3
DA:183,3
DA:184,3
DA:185,3
DA:187,3
DA:190,3
DA:191,2
DA:195,3
DA:196,1
DA:200,3
DA:205,3
DA:226,3
DA:228,3
DA:238,0
DA:239,0
DA:243,1
DA:248,6
DA:250,6
DA:251,1
DA:254,5
DA:261,5
DA:262,1
DA:265,4
DA:266,1
DA:269,3
DA:270,1
DA:274,2
DA:276,2
DA:292,2
DA:293,2
DA:303,2
DA:306,2
DA:308,4
DA:309,4
LF:74
LH:72
BRDA:32,0,0,1
BRDA:37,1,0,2
BRDA:60,2,0,5
BRDA:66,3,0,2
BRDA:136,4,0,2
BRDA:136,5,0,3
BRDA:136,5,1,2
BRDA:158,6,0,1
BRDA:183,7,0,3
BRDA:183,7,1,0
BRDA:184,8,0,3
BRDA:184,8,1,0
BRDA:190,9,0,2
BRDA:190,10,0,3
BRDA:190,10,1,2
BRDA:195,11,0,1
BRDA:250,12,0,1
BRDA:250,13,0,6
BRDA:250,13,1,2
BRDA:261,14,0,1
BRDA:265,15,0,1
BRDA:269,16,0,1
BRF:22
BRH:20
end_of_record
TN:
SF:src/api/v1/products/products.service.ts
FN:31,(anonymous_0)
FN:54,(anonymous_1)
FN:97,(anonymous_2)
FN:128,(anonymous_3)
FN:149,(anonymous_4)
FN:215,(anonymous_5)
FNF:6
FNH:6
FNDA:4,(anonymous_0)
FNDA:11,(anonymous_1)
FNDA:3,(anonymous_2)
FNDA:4,(anonymous_3)
FNDA:8,(anonymous_4)
FNDA:2,(anonymous_5)
DA:1,1
DA:2,1
DA:31,1
DA:34,4
DA:35,4
DA:47,3
DA:49,1
DA:50,1
DA:54,1
DA:58,11
DA:60,11
DA:68,11
DA:69,3
DA:72,8
DA:73,8
DA:74,8
DA:75,1
DA:76,8
DA:77,2
DA:78,8
DA:79,8
DA:80,8
DA:81,1
DA:82,8
DA:83,1
DA:85,8
DA:90,8
DA:92,3
DA:93,3
DA:97,1
DA:98,3
DA:100,3
DA:108,3
DA:109,2
DA:113,1
DA:121,1
DA:123,2
DA:124,2
DA:128,1
DA:129,4
DA:130,4
DA:138,4
DA:139,2
DA:142,2
DA:144,2
DA:145,2
DA:149,1
DA:160,8
DA:161,8
DA:162,8
DA:163,8
DA:166,8
DA:171,8
DA:172,4
DA:178,8
DA:179,2
DA:186,8
DA:191,7
DA:198,7
DA:200,7
DA:210,1
DA:211,1
DA:215,1
DA:227,2
DA:228,2
DA:233,1
DA:234,1
LF:67
LH:67
BRDA:43,0,0,1
BRDA:43,0,1,3
BRDA:68,1,0,3
BRDA:73,2,0,2
BRDA:74,3,0,1
BRDA:76,4,0,2
BRDA:78,5,0,2
BRDA:79,6,0,1
BRDA:80,7,0,1
BRDA:82,8,0,1
BRDA:108,9,0,2
BRDA:138,10,0,2
BRDA:161,11,0,8
BRDA:161,11,1,2
BRDA:162,12,0,8
BRDA:162,12,1,2
BRDA:171,13,0,4
BRDA:178,14,0,2
BRF:18
BRH:18
end_of_record
TN:
SF:src/api/v1/tasks/tasks.service.ts
FN:3,(anonymous_0)
FN:51,(anonymous_1)
FN:106,(anonymous_2)
FN:147,(anonymous_3)
FN:181,(anonymous_4)
FNF:5
FNH:5
FNDA:4,(anonymous_0)
FNDA:5,(anonymous_1)
FNDA:5,(anonymous_2)
FNDA:6,(anonymous_3)
FNDA:7,(anonymous_4)
DA:1,1
DA:3,1
DA:10,4
DA:11,4
DA:16,4
DA:17,1
DA:20,3
DA:24,3
DA:26,3
DA:27,1
DA:30,2
DA:41,2
DA:46,2
DA:47,2
DA:51,1
DA:60,5
DA:61,5
DA:65,5
DA:67,5
DA:68,0
DA:71,5
DA:75,5
DA:76,1
DA:82,4
DA:83,1
DA:86,3
DA:96,3
DA:101,2
DA:102,2
DA:106,1
DA:111,5
DA:112,5
DA:113,1
DA:116,4
DA:120,4
DA:122,4
DA:123,1
DA:129,3
DA:130,1
DA:133,2
DA:137,2
DA:142,3
DA:143,3
DA:147,1
DA:151,6
DA:152,6
DA:153,1
DA:156,5
DA:160,5
DA:162,5
DA:163,1
DA:170,4
DA:171,2
DA:175,2
DA:181,7
DA:191,2
DA:192,2
LF:57
LH:56
BRDA:16,0,0,1
BRDA:16,1,0,4
BRDA:16,1,1,3
BRDA:26,2,0,1
BRDA:34,3,0,2
BRDA:34,3,1,2
BRDA:35,4,0,2
BRDA:35,4,1,1
BRDA:67,5,0,0
BRDA:75,6,0,1
BRDA:82,7,0,1
BRDA:82,8,0,4
BRDA:82,8,1,3
BRDA:89,9,0,3
BRDA:89,9,1,1
BRDA:90,10,0,3
BRDA:90,10,1,3
BRDA:91,11,0,0
BRDA:91,11,1,3
BRDA:92,12,0,3
BRDA:92,12,1,3
BRDA:112,13,0,1
BRDA:112,14,0,5
BRDA:112,14,1,4
BRDA:122,15,0,1
BRDA:129,16,0,1
BRDA:129,17,0,3
BRDA:129,17,1,2
BRDA:152,18,0,1
BRDA:152,19,0,6
BRDA:152,19,1,5
BRDA:162,20,0,1
BRDA:170,21,0,2
BRDA:170,21,1,2
BRDA:170,22,0,4
BRDA:170,22,1,3
BRDA:187,23,0,7
BRDA:187,23,1,0
BRDA:188,24,0,7
BRDA:188,24,1,3
BRF:40
BRH:37
end_of_record
TN:
SF:src/api/v1/users/users.service.ts
FN:8,(anonymous_0)
FN:17,(anonymous_1)
FN:37,(anonymous_2)
FN:79,(anonymous_3)
FNF:4
FNH:4
FNDA:4,(anonymous_0)
FNDA:4,(anonymous_1)
FNDA:5,(anonymous_2)
FNDA:4,(anonymous_3)
DA:1,1
DA:2,1
DA:3,1
DA:8,1
DA:9,4
DA:10,4
DA:17,4
DA:29,1
DA:30,1
DA:37,1
DA:41,5
DA:43,5
DA:47,5
DA:48,2
DA:52,3
DA:56,3
DA:57,1
DA:61,2
DA:66,1
DA:71,4
DA:72,4
DA:79,1
DA:80,4
DA:81,4
DA:88,3
DA:90,1
DA:91,1
LF:27
LH:27
BRDA:47,0,0,2
BRDA:56,1,0,1
BRF:2
BRH:2
end_of_record
